[2026-01-27 15:19:37,798] INFO - Starting Training Pipeline execution
[2026-01-27 15:19:37,798] INFO - Training pipeline started
[2026-01-27 15:19:37,798] INFO - Data Ingestion method starts
[2026-01-27 15:19:37,832] INFO - Raw data saved
[2026-01-27 15:19:37,865] INFO - Train and test data saved
[2026-01-27 15:19:37,865] INFO - Data Ingestion method completed
[2026-01-27 15:19:37,875] INFO - Starting feature engineering
[2026-01-27 15:19:37,878] INFO - Feature engineering completed
[2026-01-27 15:19:37,878] INFO - Starting feature engineering
[2026-01-27 15:19:37,879] INFO - Feature engineering completed
[2026-01-27 15:19:37,879] INFO - Fitting outlier bounds using IQR
[2026-01-27 15:19:37,887] INFO - Outlier bounds fitted successfully
[2026-01-27 15:19:37,887] INFO - Applying outlier capping
[2026-01-27 15:19:37,896] INFO - Outlier capping applied successfully
[2026-01-27 15:19:37,896] INFO - Applying outlier capping
[2026-01-27 15:19:37,904] INFO - Outlier capping applied successfully
[2026-01-27 15:19:37,904] INFO - Creating encoding transformer
[2026-01-27 15:19:37,905] INFO - Encoding transformer created successfully
[2026-01-27 15:19:37,923] INFO - Identifying numerical and categorical columns
[2026-01-27 15:19:37,924] INFO - Numerical columns:[0, 1, 2, 3, 4, 5, 6, 7, 8, 9, 10, 11, 12, 13, 14, 15, 16, 17, 18, 19, 20, 21, 22, 23, 24, 25, 26, 27, 28, 29, 30, 31, 32, 33, 34, 35, 36, 37, 38, 39, 40, 41, 42, 43, 44, 45, 46, 47, 48, 49, 50, 51, 52, 53, 54, 55, 56, 57, 58, 59, 60, 61, 62, 63, 64, 65, 66, 67, 68, 69, 70, 71, 72, 73, 74, 75, 76, 77, 78, 79, 80, 81, 82, 83, 84, 85, 86, 87, 88, 89, 90, 91, 92, 93, 94, 95, 96, 97, 98, 99, 100, 101, 102, 103, 104, 105, 106, 107, 108, 109, 110, 111, 112, 113, 114, 115, 116, 117, 118, 119, 120, 121, 122, 123, 124, 125, 126, 127, 128, 129, 130, 131, 132, 133, 134, 135, 136, 137, 138, 139, 140, 141, 142, 143, 144, 145, 146, 147, 148, 149, 150, 151, 152, 153, 154, 155, 156, 157, 158, 159, 160, 161, 162, 163, 164, 165, 166, 167, 168, 169, 170, 171, 172, 173, 174, 175, 176, 177, 178, 179, 180, 181, 182, 183, 184, 185, 186, 187, 188, 189, 190, 191, 192, 193, 194, 195, 196, 197, 198, 199, 200, 201, 202, 203, 204, 205, 206, 207, 208, 209, 210, 211, 212, 213, 214, 215, 216, 217, 218, 219, 220, 221, 222, 223, 224, 225, 226, 227, 228, 229, 230, 231, 232, 233, 234, 235, 236, 237, 238, 239, 240, 241, 242, 243, 244, 245, 246, 247, 248, 249, 250, 251, 252, 253, 254, 255, 256, 257, 258, 259, 260, 261, 262, 263, 264, 265, 266, 267, 268, 269, 270, 271, 272, 273, 274, 275, 276, 277, 278, 279]
[2026-01-27 15:19:37,924] INFO - Categorical columns : []
[2026-01-27 15:19:37,942] INFO - Creating scaling transformer for numerical features
[2026-01-27 15:19:37,942] INFO - Scaling transformer created successfully
[2026-01-27 15:19:37,945] INFO - Starting model training
[2026-01-27 15:19:37,945] INFO - Training model: LinearRegression
[2026-01-27 15:19:37,958] INFO - LinearRegression | Train R2: 0.9282, Test R2: 0.8679
[2026-01-27 15:19:37,958] INFO - Training model: Ridge
[2026-01-27 15:19:37,961] INFO - Ridge | Train R2: 0.9281, Test R2: 0.8719
[2026-01-27 15:19:37,961] INFO - Training model: Lasso
[2026-01-27 15:19:38,725] INFO - Lasso | Train R2: 0.9282, Test R2: 0.8680
[2026-01-27 15:19:38,725] INFO - Training model: RandomForest
[2026-01-27 15:19:42,938] INFO - RandomForest | Train R2: 0.9843, Test R2: 0.9265
[2026-01-27 15:19:42,938] INFO - Model training completed
[2026-01-27 15:19:42,938] INFO - Selecting best model based on test performance
[2026-01-27 15:19:42,938] INFO - Model results keys: ['LinearRegression', 'Ridge', 'Lasso', 'RandomForest']
[2026-01-27 15:19:42,938] INFO - Evaluating model: LinearRegression
[2026-01-27 15:19:42,939] INFO - Raw metrics dict: {'model': LinearRegression(), 'train_r2': 0.9281885265739368, 'test_r2': 0.8679335211486231, 'train_rmse': np.float64(20663.30784592557), 'test_rmse': np.float64(32539.965031590466)}
[2026-01-27 15:19:42,939] INFO - LinearRegression | Train R2: 0.9282, Test R2: 0.8679, Gap: 0.0603
[2026-01-27 15:19:42,939] INFO - Comparison check → test_r2 > best_score ? 0.8679335211486231 > -inf = True, gap < 0.05 ? False
[2026-01-27 15:19:42,939] INFO - → LinearRegression is current BEST candidate
[2026-01-27 15:19:42,939] INFO - Evaluating model: Ridge
[2026-01-27 15:19:42,939] INFO - Raw metrics dict: {'model': Ridge(), 'train_r2': 0.9281212102817786, 'test_r2': 0.8719023457426784, 'train_rmse': np.float64(20672.990500922657), 'test_rmse': np.float64(32047.294469969318)}
[2026-01-27 15:19:42,939] INFO - Ridge | Train R2: 0.9281, Test R2: 0.8719, Gap: 0.0562
[2026-01-27 15:19:42,939] INFO - Comparison check → test_r2 > best_score ? 0.8719023457426784 > 0.8679335211486231 = True, gap < 0.05 ? False
[2026-01-27 15:19:42,939] INFO - → Ridge is current BEST candidate
[2026-01-27 15:19:42,939] INFO - Evaluating model: Lasso
[2026-01-27 15:19:42,939] INFO - Raw metrics dict: {'model': Lasso(alpha=0.05, max_iter=10000, random_state=42), 'train_r2': 0.9281885247653496, 'test_r2': 0.8679523847343584, 'train_rmse': np.float64(20663.308106130462), 'test_rmse': np.float64(32537.641041635885)}
[2026-01-27 15:19:42,939] INFO - Lasso | Train R2: 0.9282, Test R2: 0.8680, Gap: 0.0602
[2026-01-27 15:19:42,939] INFO - Comparison check → test_r2 > best_score ? 0.8679523847343584 > 0.8719023457426784 = False, gap < 0.05 ? False
[2026-01-27 15:19:42,939] INFO - Evaluating model: RandomForest
[2026-01-27 15:19:42,939] INFO - Raw metrics dict: {'model': RandomForestRegressor(n_estimators=200, random_state=42), 'train_r2': 0.9843198794224942, 'test_r2': 0.9264593169637685, 'train_rmse': np.float64(9655.563539615665), 'test_rmse': np.float64(24282.008794881065)}
[2026-01-27 15:19:42,939] INFO - RandomForest | Train R2: 0.9843, Test R2: 0.9265, Gap: 0.0579
[2026-01-27 15:19:42,939] INFO - Comparison check → test_r2 > best_score ? 0.9264593169637685 > 0.8719023457426784 = True, gap < 0.05 ? False
[2026-01-27 15:19:42,939] INFO - → RandomForest is current BEST candidate
[2026-01-27 15:19:42,939] INFO - Best model selected: RandomForest with Test R2 = 0.9265
[2026-01-27 15:19:42,939] INFO - Creating a full production pipeline
[2026-01-27 15:19:42,963] INFO - Best model is - RandomForestRegressor(n_estimators=200, random_state=42)
[2026-01-27 15:19:42,963] INFO - Full pipeline saved at artifacts/model/full_pipeline.pkl
[2026-01-27 15:19:42,963] INFO - Directories created: ['artifacts/model', 'artifacts/reports']
[2026-01-27 15:19:42,984] INFO - Saved best model [RandomForest] at artifacts/model/best_model.pkl
[2026-01-27 15:19:42,985] INFO - Saved model metrics at artifacts/reports/model_metrics.json
[2026-01-27 15:19:42,985] INFO - Training pipeline completed successfully
[2026-01-27 15:19:42,985] INFO - Training Pipeline execution finished
