[2026-01-26 00:03:35,925] INFO - Data Ingestion method starts
[2026-01-26 00:03:35,925] INFO - Data Ingestion method starts
[2026-01-26 00:03:35,963] INFO - Raw data saved
[2026-01-26 00:03:35,963] INFO - Raw data saved
[2026-01-26 00:03:35,988] INFO - Train and test data saved
[2026-01-26 00:03:35,988] INFO - Train and test data saved
[2026-01-26 00:03:35,988] INFO - Data Ingestion method completed
[2026-01-26 00:03:35,988] INFO - Data Ingestion method completed
[2026-01-26 00:03:35,989] INFO - Data Preprocessing method starts
[2026-01-26 00:03:35,989] INFO - Data Preprocessing method starts
[2026-01-26 00:03:35,989] INFO - Reading train and test data
[2026-01-26 00:03:35,989] INFO - Reading train and test data
[2026-01-26 00:03:35,998] INFO - Creating preprocessor object
[2026-01-26 00:03:35,998] INFO - Creating preprocessor object
[2026-01-26 00:03:35,999] INFO - Identifying numerical and categorical columns
[2026-01-26 00:03:35,999] INFO - Identifying numerical and categorical columns
[2026-01-26 00:03:36,000] INFO - Numerical columns:['Order', 'PID', 'MS SubClass', 'Lot Frontage', 'Lot Area', 'Overall Qual', 'Overall Cond', 'Year Built', 'Year Remod/Add', 'Mas Vnr Area', 'BsmtFin SF 1', 'BsmtFin SF 2', 'Bsmt Unf SF', 'Total Bsmt SF', '1st Flr SF', '2nd Flr SF', 'Low Qual Fin SF', 'Gr Liv Area', 'Bsmt Full Bath', 'Bsmt Half Bath', 'Full Bath', 'Half Bath', 'Bedroom AbvGr', 'Kitchen AbvGr', 'TotRms AbvGrd', 'Fireplaces', 'Garage Yr Blt', 'Garage Cars', 'Garage Area', 'Wood Deck SF', 'Open Porch SF', 'Enclosed Porch', '3Ssn Porch', 'Screen Porch', 'Pool Area', 'Misc Val', 'Mo Sold', 'Yr Sold']
[2026-01-26 00:03:36,000] INFO - Numerical columns:['Order', 'PID', 'MS SubClass', 'Lot Frontage', 'Lot Area', 'Overall Qual', 'Overall Cond', 'Year Built', 'Year Remod/Add', 'Mas Vnr Area', 'BsmtFin SF 1', 'BsmtFin SF 2', 'Bsmt Unf SF', 'Total Bsmt SF', '1st Flr SF', '2nd Flr SF', 'Low Qual Fin SF', 'Gr Liv Area', 'Bsmt Full Bath', 'Bsmt Half Bath', 'Full Bath', 'Half Bath', 'Bedroom AbvGr', 'Kitchen AbvGr', 'TotRms AbvGrd', 'Fireplaces', 'Garage Yr Blt', 'Garage Cars', 'Garage Area', 'Wood Deck SF', 'Open Porch SF', 'Enclosed Porch', '3Ssn Porch', 'Screen Porch', 'Pool Area', 'Misc Val', 'Mo Sold', 'Yr Sold']
[2026-01-26 00:03:36,000] INFO - Categorical columns : ['MS Zoning', 'Street', 'Alley', 'Lot Shape', 'Land Contour', 'Utilities', 'Lot Config', 'Land Slope', 'Neighborhood', 'Condition 1', 'Condition 2', 'Bldg Type', 'House Style', 'Roof Style', 'Roof Matl', 'Exterior 1st', 'Exterior 2nd', 'Mas Vnr Type', 'Exter Qual', 'Exter Cond', 'Foundation', 'Bsmt Qual', 'Bsmt Cond', 'Bsmt Exposure', 'BsmtFin Type 1', 'BsmtFin Type 2', 'Heating', 'Heating QC', 'Central Air', 'Electrical', 'Kitchen Qual', 'Functional', 'Fireplace Qu', 'Garage Type', 'Garage Finish', 'Garage Qual', 'Garage Cond', 'Paved Drive', 'Pool QC', 'Fence', 'Misc Feature', 'Sale Type', 'Sale Condition']
[2026-01-26 00:03:36,000] INFO - Categorical columns : ['MS Zoning', 'Street', 'Alley', 'Lot Shape', 'Land Contour', 'Utilities', 'Lot Config', 'Land Slope', 'Neighborhood', 'Condition 1', 'Condition 2', 'Bldg Type', 'House Style', 'Roof Style', 'Roof Matl', 'Exterior 1st', 'Exterior 2nd', 'Mas Vnr Type', 'Exter Qual', 'Exter Cond', 'Foundation', 'Bsmt Qual', 'Bsmt Cond', 'Bsmt Exposure', 'BsmtFin Type 1', 'BsmtFin Type 2', 'Heating', 'Heating QC', 'Central Air', 'Electrical', 'Kitchen Qual', 'Functional', 'Fireplace Qu', 'Garage Type', 'Garage Finish', 'Garage Qual', 'Garage Cond', 'Paved Drive', 'Pool QC', 'Fence', 'Misc Feature', 'Sale Type', 'Sale Condition']
[2026-01-26 00:03:36,000] INFO - Fitting and transforming train data
[2026-01-26 00:03:36,000] INFO - Fitting and transforming train data
[2026-01-26 00:03:36,010] INFO - Transforming test data
[2026-01-26 00:03:36,010] INFO - Transforming test data
[2026-01-26 00:03:36,013] INFO - Model object saved successfully at /Users/nishiigupta/Documents/house_price_prediction/src/artifacts/preprocessor.pkl
[2026-01-26 00:03:36,013] INFO - Model object saved successfully at /Users/nishiigupta/Documents/house_price_prediction/src/artifacts/preprocessor.pkl
[2026-01-26 00:03:36,013] INFO - Data Preprocessing method completed
[2026-01-26 00:03:36,013] INFO - Data Preprocessing method completed
